c:\users\alejandroaizelboto\desktop\workspace\graficos\proyectosig_x64_vs2019_fg\ig1app\x64\debug\vc142.pdb
c:\users\alejandroaizelboto\desktop\workspace\graficos\proyectosig_x64_vs2019_fg\ig1app\x64\debug\vc142.idb
c:\users\alejandroaizelboto\desktop\workspace\graficos\proyectosig_x64_vs2019_fg\ig1app\x64\debug\viewport.obj
c:\users\alejandroaizelboto\desktop\workspace\graficos\proyectosig_x64_vs2019_fg\ig1app\x64\debug\scene.obj
c:\users\alejandroaizelboto\desktop\workspace\graficos\proyectosig_x64_vs2019_fg\ig1app\x64\debug\mesh.obj
c:\users\alejandroaizelboto\desktop\workspace\graficos\proyectosig_x64_vs2019_fg\ig1app\x64\debug\main.obj
c:\users\alejandroaizelboto\desktop\workspace\graficos\proyectosig_x64_vs2019_fg\ig1app\x64\debug\ig1app.obj
c:\users\alejandroaizelboto\desktop\workspace\graficos\proyectosig_x64_vs2019_fg\ig1app\x64\debug\entity.obj
c:\users\alejandroaizelboto\desktop\workspace\graficos\proyectosig_x64_vs2019_fg\ig1app\x64\debug\camera.obj
c:\users\alejandroaizelboto\desktop\workspace\graficos\proyectosig_x64_vs2019_fg\bin\ig1appdebug.pdb
c:\users\alejandroaizelboto\desktop\workspace\graficos\proyectosig_x64_vs2019_fg\ig1app\x64\debug\ig1app.tlog\cl.command.1.tlog
c:\users\alejandroaizelboto\desktop\workspace\graficos\proyectosig_x64_vs2019_fg\ig1app\x64\debug\ig1app.tlog\cl.read.1.tlog
c:\users\alejandroaizelboto\desktop\workspace\graficos\proyectosig_x64_vs2019_fg\ig1app\x64\debug\ig1app.tlog\cl.write.1.tlog
c:\users\alejandroaizelboto\desktop\workspace\graficos\proyectosig_x64_vs2019_fg\ig1app\x64\debug\ig1app.tlog\link-cvtres.read.1.tlog
c:\users\alejandroaizelboto\desktop\workspace\graficos\proyectosig_x64_vs2019_fg\ig1app\x64\debug\ig1app.tlog\link-cvtres.write.1.tlog
c:\users\alejandroaizelboto\desktop\workspace\graficos\proyectosig_x64_vs2019_fg\ig1app\x64\debug\ig1app.tlog\link-rc.read.1.tlog
c:\users\alejandroaizelboto\desktop\workspace\graficos\proyectosig_x64_vs2019_fg\ig1app\x64\debug\ig1app.tlog\link-rc.write.1.tlog
c:\users\alejandroaizelboto\desktop\workspace\graficos\proyectosig_x64_vs2019_fg\ig1app\x64\debug\ig1app.tlog\link.1368-cvtres.read.1.tlog
c:\users\alejandroaizelboto\desktop\workspace\graficos\proyectosig_x64_vs2019_fg\ig1app\x64\debug\ig1app.tlog\link.1368-cvtres.write.1.tlog
c:\users\alejandroaizelboto\desktop\workspace\graficos\proyectosig_x64_vs2019_fg\ig1app\x64\debug\ig1app.tlog\link.1368-rc.read.1.tlog
c:\users\alejandroaizelboto\desktop\workspace\graficos\proyectosig_x64_vs2019_fg\ig1app\x64\debug\ig1app.tlog\link.1368-rc.write.1.tlog
c:\users\alejandroaizelboto\desktop\workspace\graficos\proyectosig_x64_vs2019_fg\ig1app\x64\debug\ig1app.tlog\link.1368.read.1.tlog
c:\users\alejandroaizelboto\desktop\workspace\graficos\proyectosig_x64_vs2019_fg\ig1app\x64\debug\ig1app.tlog\link.1368.write.1.tlog
c:\users\alejandroaizelboto\desktop\workspace\graficos\proyectosig_x64_vs2019_fg\ig1app\x64\debug\ig1app.tlog\link.command.1.tlog
c:\users\alejandroaizelboto\desktop\workspace\graficos\proyectosig_x64_vs2019_fg\ig1app\x64\debug\ig1app.tlog\link.read.1.tlog
c:\users\alejandroaizelboto\desktop\workspace\graficos\proyectosig_x64_vs2019_fg\ig1app\x64\debug\ig1app.tlog\link.write.1.tlog
